<?xml version="1.0" encoding="UTF-8"?>
<testng-results ignored="0" total="1" passed="1" failed="0" skipped="0">
  <reporter-output>
  </reporter-output>
  <suite started-at="2024-05-15T00:11:39 EEST" name="nopcommerce" finished-at="2024-05-15T00:11:41 EEST" duration-ms="2211">
    <groups>
    </groups>
    <test started-at="2024-05-15T00:11:39 EEST" name="Regression Test" finished-at="2024-05-15T00:11:41 EEST" duration-ms="2211">
      <class name="tests.SearchProductTest">
        <test-method is-config="true" signature="startDriver(java.lang.String)[pri:0, instance:tests.SearchProductTest@1fe20588]" started-at="2024-05-15T00:11:35 EEST" name="startDriver" finished-at="2024-05-15T00:11:39 EEST" duration-ms="4053" status="PASS">
          <params>
            <param index="0">
              <value>
                <![CDATA[chrome]]>
              </value>
            </param>
          </params>
          <reporter-output>
          </reporter-output>
        </test-method> <!-- startDriver -->
        <test-method signature="UserCanSearchForProducts()[pri:0, instance:tests.SearchProductTest@1fe20588]" started-at="2024-05-15T00:11:39 EEST" name="UserCanSearchForProducts" finished-at="2024-05-15T00:11:41 EEST" duration-ms="2185" status="PASS">
          <reporter-output>
          </reporter-output>
        </test-method> <!-- UserCanSearchForProducts -->
        <test-method is-config="true" signature="closeDriver()[pri:0, instance:tests.SearchProductTest@1fe20588]" started-at="2024-05-15T00:11:41 EEST" name="closeDriver" finished-at="2024-05-15T00:11:41 EEST" duration-ms="169" status="PASS">
          <reporter-output>
          </reporter-output>
        </test-method> <!-- closeDriver -->
      </class> <!-- tests.SearchProductTest -->
    </test> <!-- Regression Test -->
  </suite> <!-- nopcommerce -->
</testng-results>
